Running 75 combos...
[  1/75] v1.5mA-pw8-az3.5-ms1               mean=     -10.7 std=     15.3 score=     -26.0  eta=16.9min
[  2/75] v1.5mA-pw8-az3.5-ms3               mean=    -100.5 std=     92.8 score=    -193.3  eta=16.7min
[  3/75] v1.5mA-pw8-az3.5-ms5               mean=    -373.2 std=    529.3 score=    -902.5  eta=16.4min
[  4/75] v1.5mA-pw8-az4.5-ms1               mean=       3.8 std=      6.8 score=      -2.9  eta=16.2min
[  5/75] v1.5mA-pw8-az4.5-ms3               mean=      -9.2 std=     11.6 score=     -20.8  eta=16.0min
[  6/75] v1.5mA-pw8-az4.5-ms5               mean=     -63.5 std=    105.7 score=    -169.2  eta=15.8min
[  7/75] v1.5mA-pw8-az6.0-ms1               mean=      18.5 std=     33.8 score=     -15.3  eta=15.5min
[  8/75] v1.5mA-pw8-az6.0-ms3               mean=      50.7 std=     87.8 score=     -37.1  eta=15.3min
[  9/75] v1.5mA-pw8-az6.0-ms5               mean=      55.3 std=     95.8 score=     -40.5  eta=15.0min
[ 10/75] v1.5mA-pw8-az8.0-ms1               mean=       3.3 std=      6.8 score=      -3.5  eta=14.8min
[ 11/75] v1.5mA-pw8-az8.0-ms3               mean=      10.3 std=     17.0 score=      -6.7  eta=14.6min
[ 12/75] v1.5mA-pw8-az8.0-ms5               mean=      10.3 std=     17.0 score=      -6.7  eta=14.3min
[ 13/75] v1.5mA-pw8-azinf-ms1               mean=       2.3 std=      5.1 score=      -2.8  eta=14.1min
[ 14/75] v1.5mA-pw8-azinf-ms3               mean=       8.3 std=     13.6 score=      -5.2  eta=13.9min
[ 15/75] v1.5mA-pw8-azinf-ms5               mean=       8.3 std=     13.6 score=      -5.2  eta=13.7min
[ 16/75] v1.5mA-pw12-az3.5-ms1              mean=      13.2 std=     38.6 score=     -25.4  eta=13.5min
[ 17/75] v1.5mA-pw12-az3.5-ms3              mean=     -33.3 std=     34.6 score=     -68.0  eta=13.2min
[ 18/75] v1.5mA-pw12-az3.5-ms5              mean=    -243.0 std=    429.6 score=    -672.6  eta=13.0min
[ 19/75] v1.5mA-pw12-az4.5-ms1              mean=     -12.7 std=     23.1 score=     -35.7  eta=12.8min
[ 20/75] v1.5mA-pw12-az4.5-ms3              mean=     -43.3 std=     70.7 score=    -114.1  eta=12.6min
[ 21/75] v1.5mA-pw12-az4.5-ms5              mean=     -85.3 std=    143.5 score=    -228.8  eta=12.4min
[ 22/75] v1.5mA-pw12-az6.0-ms1              mean=       2.0 std=      5.6 score=      -3.6  eta=12.1min
[ 23/75] v1.5mA-pw12-az6.0-ms3              mean=       8.0 std=     13.9 score=      -5.9  eta=11.9min
[ 24/75] v1.5mA-pw12-az6.0-ms5              mean=       8.0 std=     13.9 score=      -5.9  eta=11.7min
[ 25/75] v1.5mA-pw12-az8.0-ms1              mean=       2.3 std=      5.1 score=      -2.8  eta=11.5min
[ 26/75] v1.5mA-pw12-az8.0-ms3              mean=       8.3 std=     13.6 score=      -5.2  eta=11.2min
[ 27/75] v1.5mA-pw12-az8.0-ms5              mean=       8.3 std=     13.6 score=      -5.2  eta=11.0min
[ 28/75] v1.5mA-pw12-azinf-ms1              mean=       2.3 std=      5.1 score=      -2.8  eta=10.8min
[ 29/75] v1.5mA-pw12-azinf-ms3              mean=       8.3 std=     13.6 score=      -5.2  eta=10.5min
[ 30/75] v1.5mA-pw12-azinf-ms5              mean=       8.3 std=     13.6 score=      -5.2  eta=10.3min
[ 31/75] v1.5mA-pw18-az3.5-ms1              mean=     -18.5 std=     38.1 score=     -56.6  eta=10.1min
[ 32/75] v1.5mA-pw18-az3.5-ms3              mean=    -100.8 std=    196.4 score=    -297.2  eta=9.9min
[ 33/75] v1.5mA-pw18-az3.5-ms5              mean=    -205.0 std=    441.8 score=    -646.8  eta=9.6min
[ 34/75] v1.5mA-pw18-az4.5-ms1              mean=     -12.7 std=     23.1 score=     -35.7  eta=9.4min
[ 35/75] v1.5mA-pw18-az4.5-ms3              mean=     -43.3 std=     70.7 score=    -114.1  eta=9.2min
[ 36/75] v1.5mA-pw18-az4.5-ms5              mean=     -85.3 std=    143.5 score=    -228.8  eta=8.9min
[ 37/75] v1.5mA-pw18-az6.0-ms1              mean=       2.0 std=      5.6 score=      -3.6  eta=8.7min
[ 38/75] v1.5mA-pw18-az6.0-ms3              mean=       8.0 std=     13.9 score=      -5.9  eta=8.5min
[ 39/75] v1.5mA-pw18-az6.0-ms5              mean=       8.0 std=     13.9 score=      -5.9  eta=8.2min
[ 40/75] v1.5mA-pw18-az8.0-ms1              mean=       2.3 std=      5.1 score=      -2.8  eta=8.0min
[ 41/75] v1.5mA-pw18-az8.0-ms3              mean=       8.3 std=     13.6 score=      -5.2  eta=7.8min
[ 42/75] v1.5mA-pw18-az8.0-ms5              mean=       8.3 std=     13.6 score=      -5.2  eta=7.6min
[ 43/75] v1.5mA-pw18-azinf-ms1              mean=       2.3 std=      5.1 score=      -2.8  eta=7.3min
[ 44/75] v1.5mA-pw18-azinf-ms3              mean=       8.3 std=     13.6 score=      -5.2  eta=7.1min
[ 45/75] v1.5mA-pw18-azinf-ms5              mean=       8.3 std=     13.6 score=      -5.2  eta=6.9min
[ 46/75] v1.5mA-pw25-az3.5-ms1              mean=      -1.7 std=      3.2 score=      -4.9  eta=6.6min
[ 47/75] v1.5mA-pw25-az3.5-ms3              mean=      -2.3 std=      5.9 score=      -8.2  eta=6.4min
[ 48/75] v1.5mA-pw25-az3.5-ms5              mean=    -121.0 std=    211.3 score=    -332.3  eta=6.2min
[ 49/75] v1.5mA-pw25-az4.5-ms1              mean=      11.3 std=     16.3 score=      -4.9  eta=5.9min
[ 50/75] v1.5mA-pw25-az4.5-ms3              mean=      28.7 std=     43.8 score=     -15.2  eta=5.7min
[ 51/75] v1.5mA-pw25-az4.5-ms5              mean=      32.0 std=     49.6 score=     -17.6  eta=5.5min
[ 52/75] v1.5mA-pw25-az6.0-ms1              mean=       2.0 std=      5.6 score=      -3.6  eta=5.3min
[ 53/75] v1.5mA-pw25-az6.0-ms3              mean=       8.0 std=     13.9 score=      -5.9  eta=5.0min
[ 54/75] v1.5mA-pw25-az6.0-ms5              mean=       8.0 std=     13.9 score=      -5.9  eta=4.8min
[ 55/75] v1.5mA-pw25-az8.0-ms1              mean=       2.3 std=      5.1 score=      -2.8  eta=4.6min
[ 56/75] v1.5mA-pw25-az8.0-ms3              mean=       8.3 std=     13.6 score=      -5.2  eta=4.3min
[ 57/75] v1.5mA-pw25-az8.0-ms5              mean=       8.3 std=     13.6 score=      -5.2  eta=4.1min
[ 58/75] v1.5mA-pw25-azinf-ms1              mean=       2.3 std=      5.1 score=      -2.8  eta=3.9min
[ 59/75] v1.5mA-pw25-azinf-ms3              mean=       8.3 std=     13.6 score=      -5.2  eta=3.7min
[ 60/75] v1.5mA-pw25-azinf-ms5              mean=       8.3 std=     13.6 score=      -5.2  eta=3.4min
[ 61/75] v1.5mA-pw35-az3.5-ms1              mean=      -0.7 std=      3.1 score=      -3.7  eta=3.2min
[ 62/75] v1.5mA-pw35-az3.5-ms3              mean=       0.7 std=      1.2 score=      -0.5  eta=3.0min
[ 63/75] v1.5mA-pw35-az3.5-ms5              mean=       0.7 std=      1.2 score=      -0.5  eta=2.7min
[ 64/75] v1.5mA-pw35-az4.5-ms1              mean=      11.3 std=     16.3 score=      -4.9  eta=2.5min
[ 65/75] v1.5mA-pw35-az4.5-ms3              mean=      28.7 std=     43.8 score=     -15.2  eta=2.3min
[ 66/75] v1.5mA-pw35-az4.5-ms5              mean=      32.0 std=     49.6 score=     -17.6  eta=2.1min
[ 67/75] v1.5mA-pw35-az6.0-ms1              mean=       2.0 std=      5.6 score=      -3.6  eta=1.8min
[ 68/75] v1.5mA-pw35-az6.0-ms3              mean=       8.0 std=     13.9 score=      -5.9  eta=1.6min
[ 69/75] v1.5mA-pw35-az6.0-ms5              mean=       8.0 std=     13.9 score=      -5.9  eta=1.4min
[ 70/75] v1.5mA-pw35-az8.0-ms1              mean=       2.3 std=      5.1 score=      -2.8  eta=1.1min
[ 71/75] v1.5mA-pw35-az8.0-ms3              mean=       8.3 std=     13.6 score=      -5.2  eta=0.9min
[ 72/75] v1.5mA-pw35-az8.0-ms5              mean=       8.3 std=     13.6 score=      -5.2  eta=0.7min
[ 73/75] v1.5mA-pw35-azinf-ms1              mean=       2.3 std=      5.1 score=      -2.8  eta=0.5min
[ 74/75] v1.5mA-pw35-azinf-ms3              mean=       8.3 std=     13.6 score=      -5.2  eta=0.2min
[ 75/75] v1.5mA-pw35-azinf-ms5              mean=       8.3 std=     13.6 score=      -5.2  eta=0.0min

Results written to /Users/samuelshi/IMC-Prosperity-2026-personal/R3/analysis/sweep_v1_5_moduleA_extended_results.json

Top 10 by score:
  v1.5mA-pw35-az3.5-ms3              mean=       0.7 std=      1.2 score=      -0.5
  v1.5mA-pw35-az3.5-ms5              mean=       0.7 std=      1.2 score=      -0.5
  v1.5mA-pw8-azinf-ms1               mean=       2.3 std=      5.1 score=      -2.8
  v1.5mA-pw12-az8.0-ms1              mean=       2.3 std=      5.1 score=      -2.8
  v1.5mA-pw12-azinf-ms1              mean=       2.3 std=      5.1 score=      -2.8
  v1.5mA-pw18-az8.0-ms1              mean=       2.3 std=      5.1 score=      -2.8
  v1.5mA-pw18-azinf-ms1              mean=       2.3 std=      5.1 score=      -2.8
  v1.5mA-pw25-az8.0-ms1              mean=       2.3 std=      5.1 score=      -2.8
  v1.5mA-pw25-azinf-ms1              mean=       2.3 std=      5.1 score=      -2.8
  v1.5mA-pw35-az8.0-ms1              mean=       2.3 std=      5.1 score=      -2.8
